d:\code\cpp\qt\objectrecognition\objectrecognition\x64\debug\objectcatcher.obj
d:\code\cpp\qt\objectrecognition\objectrecognition\x64\debug\qrc_image.obj
d:\code\cpp\qt\objectrecognition\objectrecognition\x64\debug\qrc_mainpage.obj
d:\code\cpp\qt\objectrecognition\objectrecognition\x64\debug\mainpage.obj
d:\code\cpp\qt\objectrecognition\objectrecognition\x64\debug\colorrecognition.obj
d:\code\cpp\qt\objectrecognition\objectrecognition\x64\debug\moc_objectcatcher.obj
d:\code\cpp\qt\objectrecognition\objectrecognition\x64\debug\common.obj
d:\code\cpp\qt\objectrecognition\objectrecognition\x64\debug\moc_kcfselector.obj
d:\code\cpp\qt\objectrecognition\objectrecognition\x64\debug\controlcamera.obj
d:\code\cpp\qt\objectrecognition\objectrecognition\x64\debug\moc_videocatcher.obj
d:\code\cpp\qt\objectrecognition\objectrecognition\x64\debug\test.obj
d:\code\cpp\qt\objectrecognition\objectrecognition\x64\debug\videocatcher.obj
d:\code\cpp\qt\objectrecognition\objectrecognition\x64\debug\main.obj
d:\code\cpp\qt\objectrecognition\objectrecognition\x64\debug\moc_mainpage.obj
d:\code\cpp\qt\objectrecognition\objectrecognition\generatedfiles\debug\moc_mainpage.cpp
d:\code\cpp\qt\objectrecognition\objectrecognition\generatedfiles\debug\moc_kcfselector.cpp
d:\code\cpp\qt\objectrecognition\objectrecognition\generatedfiles\debug\moc_objectcatcher.cpp
d:\code\cpp\qt\objectrecognition\objectrecognition\generatedfiles\debug\moc_videocatcher.cpp
d:\code\cpp\qt\objectrecognition\objectrecognition\generatedfiles\qrc_image.cpp
d:\code\cpp\qt\objectrecognition\objectrecognition\generatedfiles\qrc_mainpage.cpp
d:\code\cpp\qt\objectrecognition\objectrecognition\generatedfiles\ui_kcfselector.h
d:\code\cpp\qt\objectrecognition\objectrecognition\generatedfiles\ui_mainpage.h
d:\code\cpp\qt\objectrecognition\objectrecognition\generatedfiles\ui_objectcatcher.h
d:\code\cpp\qt\objectrecognition\objectrecognition\generatedfiles\ui_videocatcher.h
d:\code\cpp\qt\objectrecognition\objectrecognition\x64\debug\vc141.pdb
d:\code\cpp\qt\objectrecognition\objectrecognition\x64\debug\objectre.b12702ad.tlog\cl.10096.write.1.tlog
d:\code\cpp\qt\objectrecognition\objectrecognition\x64\debug\objectre.b12702ad.tlog\cl.command.1.tlog
d:\code\cpp\qt\objectrecognition\objectrecognition\x64\debug\objectre.b12702ad.tlog\cl.read.1.tlog
d:\code\cpp\qt\objectrecognition\objectrecognition\x64\debug\objectre.b12702ad.tlog\objectrecognition.write.1u.tlog
